TN:
SF:E:\ScreenShoot\Vue中的TDD与单元测试\jest-vue\src\App.vue
FNF:0
FNH:0
DA:8,0
LF:1
LH:0
BRF:0
BRH:0
end_of_record
TN:
SF:E:\ScreenShoot\Vue中的TDD与单元测试\jest-vue\src\containers\TodoList\TodoList.vue
FN:16,(anonymous_1)
FN:26,(anonymous_2)
FN:32,(anonymous_3)
FN:35,(anonymous_4)
FN:37,(anonymous_5)
FN:46,(anonymous_6)
FN:48,(anonymous_7)
FN:53,(anonymous_8)
FNF:8
FNH:8
FNDA:7,(anonymous_1)
FNDA:1,(anonymous_2)
FNDA:1,(anonymous_3)
FNDA:1,(anonymous_4)
FNDA:3,(anonymous_5)
FNDA:1,(anonymous_6)
FNDA:3,(anonymous_7)
FNDA:1,(anonymous_8)
DA:9,1
DA:10,1
DA:17,7
DA:27,1
DA:33,1
DA:36,1
DA:37,1
DA:38,3
DA:39,1
DA:41,2
DA:44,1
DA:47,1
DA:48,1
DA:49,3
DA:51,1
DA:54,1
DA:55,1
LF:17
LH:17
BRDA:38,0,0,1
BRDA:38,0,1,2
BRF:2
BRH:2
end_of_record
TN:
SF:E:\ScreenShoot\Vue中的TDD与单元测试\jest-vue\src\containers\TodoList\components\Header.vue
FN:13,(anonymous_1)
FN:19,(anonymous_2)
FNF:2
FNH:2
FNDA:6,(anonymous_1)
FNDA:2,(anonymous_2)
DA:14,6
DA:20,2
DA:21,1
DA:22,1
LF:4
LH:4
BRDA:20,0,0,1
BRDA:20,0,1,1
BRF:2
BRH:2
end_of_record
TN:
SF:E:\ScreenShoot\Vue中的TDD与单元测试\jest-vue\src\containers\TodoList\components\UndoList.vue
FN:22,(anonymous_1)
FN:25,(anonymous_2)
FN:28,(anonymous_3)
FN:31,(anonymous_4)
FNF:4
FNH:4
FNDA:1,(anonymous_1)
FNDA:2,(anonymous_2)
FNDA:1,(anonymous_3)
FNDA:1,(anonymous_4)
DA:23,1
DA:26,2
DA:29,1
DA:32,1
LF:4
LH:4
BRF:0
BRH:0
end_of_record
